<?xml version="1.0" encoding="UTF-8"?>
<!-- Generated by org.testng.reporters.JUnitReportReporter -->
<testsuite hostname="Rajeshwaris-MacBook-Air.local" failures="0" tests="1" name="Demo.login" time="39.089" errors="0" timestamp="2022-12-23T15:42:30 IST" skipped="0">
  <testcase classname="Demo.login" name="test" time="39.089"/>
  <system-out/>
</testsuite> <!-- Demo.login -->
