<?xml version="1.0" encoding="UTF-8"?>
<!-- Generated by org.testng.reporters.JUnitReportReporter -->
<testsuite hostname="Rajeshwaris-Air" failures="0" tests="1" name="pom.mainclass" time="44.800" errors="0" timestamp="2022-12-22T13:28:13 IST" skipped="0">
  <testcase classname="pom.mainclass" name="test" time="44.800"/>
  <system-out/>
</testsuite> <!-- pom.mainclass -->
