<?xml version="1.0" encoding="UTF-8"?>
<!-- Generated by org.testng.reporters.JUnitReportReporter -->
<testsuite hostname="Rajeshwaris-Air" failures="0" tests="2" name="drivers.Dataprovider" time="27.200" errors="0" timestamp="2022-12-30T17:22:02 IST" skipped="0">
  <testcase classname="drivers.Dataprovider" name="test" time="13.138"/>
  <system-out/>
  <testcase classname="drivers.Dataprovider" name="test" time="14.062"/>
  <system-out/>
</testsuite> <!-- drivers.Dataprovider -->
