<?xml version="1.0" encoding="UTF-8"?>
<!-- Generated by org.testng.reporters.JUnitReportReporter -->
<testsuite hostname="Rajeshwaris-MacBook-Air.local" failures="0" tests="1" name="drivers.property" time="13.125" errors="0" timestamp="2022-12-31T10:16:59 IST" skipped="0">
  <testcase classname="drivers.property" name="property" time="13.125"/>
  <system-out/>
</testsuite> <!-- drivers.property -->
