<?xml version="1.0" encoding="UTF-8"?>
<!-- Generated by org.testng.reporters.JUnitReportReporter -->
<testsuite hostname="Rajeshwaris-Air" failures="0" tests="2" name="TestNG.Simple" time="0.018" errors="0" timestamp="2022-12-16T15:17:52 IST" skipped="0">
  <testcase classname="TestNG.Simple" name="test3" time="0.002"/>
  <system-out>
    <![CDATA[hellooo]]>
  </system-out>
  <testcase classname="TestNG.Simple" name="test1" time="0.016"/>
  <system-out>
    <![CDATA[hello]]>
  </system-out>
</testsuite> <!-- TestNG.Simple -->
